[32m2026-04-28 00:59:55 +0800[0m - dagster - [34mDEBUG[0m - __ASSET_JOB - f58a8571-1505-446e-96b3-286d84cf0375 - 2894 - LOGS_CAPTURED - Started capturing logs in process (pid: 2894).
[32m2026-04-28 00:59:55 +0800[0m - dagster - [34mDEBUG[0m - __ASSET_JOB - f58a8571-1505-446e-96b3-286d84cf0375 - 2894 - bible_ingestion - STEP_START - Started execution of step "bible_ingestion".
[32m2026-04-28 00:59:55 +0800[0m - dagster - [34mINFO[0m - __ASSET_JOB - f58a8571-1505-446e-96b3-286d84cf0375 - bible_ingestion - 🔍 Found 0 already indexed Bible versions.
[32m2026-04-28 00:59:55 +0800[0m - dagster - [34mINFO[0m - __ASSET_JOB - f58a8571-1505-446e-96b3-286d84cf0375 - bible_ingestion - 🆕 Found 3 new Bible versions to ingest: ['NIV', 'ESV', 'ASV']
Loading weights:   0%|          | 0/105 [00:00<?, ?it/s]Loading weights: 100%|██████████| 105/105 [00:00<00:00, 11751.57it/s]
[32m2026-04-28 01:00:03 +0800[0m - dagster - [34mINFO[0m - __ASSET_JOB - f58a8571-1505-446e-96b3-286d84cf0375 - bible_ingestion - 📖 --- Processing Bible Version: NIV ---
[32m2026-04-28 01:00:10 +0800[0m - dagster - [34mINFO[0m - __ASSET_JOB - f58a8571-1505-446e-96b3-286d84cf0375 - bible_ingestion - ✅ Extracted 30913 verses from NIV
[32m2026-04-28 01:00:12 +0800[0m - dagster - [34mERROR[0m - [31m__ASSET_JOB - f58a8571-1505-446e-96b3-286d84cf0375 - 2894 - bible_ingestion - STEP_FAILURE - Execution of step "bible_ingestion" failed.

dagster._core.errors.DagsterExecutionStepExecutionError: Error occurred while executing op "bible_ingestion"::

chromadb.errors.InvalidArgumentError: Collection expecting embedding with dimension of 768, got 384

Stack Trace:
  File "/Users/simgsr/Documents/simgsr-ntu/capstone/structure_db_rag/.venv/lib/python3.14/site-packages/dagster/_core/execution/plan/utils.py", line 57, in op_execution_error_boundary
    yield
  File "/Users/simgsr/Documents/simgsr-ntu/capstone/structure_db_rag/.venv/lib/python3.14/site-packages/dagster/_utils/__init__.py", line 394, in iterate_with_context
    next_output = next(iterator)
  File "/Users/simgsr/Documents/simgsr-ntu/capstone/structure_db_rag/.venv/lib/python3.14/site-packages/dagster/_core/execution/plan/compute_generator.py", line 135, in _coerce_op_compute_fn_to_iterator
    result = invoke_compute_fn(
        fn, context, kwargs, context_arg_provided, config_arg_class, resource_arg_mapping
    )
  File "/Users/simgsr/Documents/simgsr-ntu/capstone/structure_db_rag/.venv/lib/python3.14/site-packages/dagster/_core/execution/plan/compute_generator.py", line 115, in invoke_compute_fn
    return fn(context, **args_to_pass) if context_arg_provided else fn(**args_to_pass)
           ~~^^^^^^^^^^^^^^^^^^^^^^^^^
  File "/Users/simgsr/Documents/simgsr-ntu/capstone/structure_db_rag/dagster_pipeline.py", line 52, in bible_ingestion
    success = ingest_bible(version_id, filename, logger=context.log.info)
  File "/Users/simgsr/Documents/simgsr-ntu/capstone/structure_db_rag/src/ingestion/bible/bible_ingest.py", line 59, in ingest_bible
    store.upsert_bible_chunks(chunks, metadatas, ids)
    ~~~~~~~~~~~~~~~~~~~~~~~~~^^^^^^^^^^^^^^^^^^^^^^^^
  File "/Users/simgsr/Documents/simgsr-ntu/capstone/structure_db_rag/src/storage/chroma_store.py", line 58, in upsert_bible_chunks
    self._upsert_in_batches(self._bible, chunks, metadatas, ids)
    ~~~~~~~~~~~~~~~~~~~~~~~^^^^^^^^^^^^^^^^^^^^^^^^^^^^^^^^^^^^^
  File "/Users/simgsr/Documents/simgsr-ntu/capstone/structure_db_rag/src/storage/chroma_store.py", line 52, in _upsert_in_batches
    collection.upsert(**kwargs)
    ~~~~~~~~~~~~~~~~~^^^^^^^^^^
  File "/Users/simgsr/Documents/simgsr-ntu/capstone/structure_db_rag/.venv/lib/python3.14/site-packages/chromadb/api/models/Collection.py", line 530, in upsert
    self._client._upsert(
    ~~~~~~~~~~~~~~~~~~~~^
        collection_id=self.id,
        ^^^^^^^^^^^^^^^^^^^^^^
    ...<6 lines>...
        database=self.database,
        ^^^^^^^^^^^^^^^^^^^^^^^
    )
    ^
  File "/Users/simgsr/Documents/simgsr-ntu/capstone/structure_db_rag/.venv/lib/python3.14/site-packages/chromadb/api/rust.py", line 541, in _upsert
    return self.bindings.upsert(
           ~~~~~~~~~~~~~~~~~~~~^
        str(collection_id),
        ^^^^^^^^^^^^^^^^^^^
    ...<6 lines>...
        database,
        ^^^^^^^^^
    )
    ^
[0m
[32m2026-04-28 01:00:12 +0800[0m - dagster - [34mDEBUG[0m - __ASSET_JOB - f58a8571-1505-446e-96b3-286d84cf0375 - 2894 - sermon_ingestion_summary - STEP_START - Started execution of step "sermon_ingestion_summary".
[32m2026-04-28 01:00:12 +0800[0m - dagster - [34mINFO[0m - __ASSET_JOB - f58a8571-1505-446e-96b3-286d84cf0375 - sermon_ingestion_summary - 🚀 Starting ingestion for years: [2015, 2016, 2017, 2018, 2019, 2020, 2021, 2022, 2023, 2024, 2025, 2026]
[32m2026-04-28 01:00:12 +0800[0m - dagster - [34mINFO[0m - __ASSET_JOB - f58a8571-1505-446e-96b3-286d84cf0375 - sermon_ingestion_summary - 📅 Scrapping year 2015...
[32m2026-04-28 01:00:32 +0800[0m - dagster - [34mINFO[0m - __ASSET_JOB - f58a8571-1505-446e-96b3-286d84cf0375 - sermon_ingestion_summary - 📅 Scrapping year 2016...
[32m2026-04-28 01:00:52 +0800[0m - dagster - [34mINFO[0m - __ASSET_JOB - f58a8571-1505-446e-96b3-286d84cf0375 - sermon_ingestion_summary - 📅 Scrapping year 2017...
[32m2026-04-28 01:01:10 +0800[0m - dagster - [34mINFO[0m - __ASSET_JOB - f58a8571-1505-446e-96b3-286d84cf0375 - sermon_ingestion_summary - 📅 Scrapping year 2018...
[32m2026-04-28 01:01:28 +0800[0m - dagster - [34mINFO[0m - __ASSET_JOB - f58a8571-1505-446e-96b3-286d84cf0375 - sermon_ingestion_summary - 📅 Scrapping year 2019...
[32m2026-04-28 01:01:47 +0800[0m - dagster - [34mINFO[0m - __ASSET_JOB - f58a8571-1505-446e-96b3-286d84cf0375 - sermon_ingestion_summary - 📅 Scrapping year 2020...
[32m2026-04-28 01:02:04 +0800[0m - dagster - [34mINFO[0m - __ASSET_JOB - f58a8571-1505-446e-96b3-286d84cf0375 - sermon_ingestion_summary - 📅 Scrapping year 2021...
[32m2026-04-28 01:02:25 +0800[0m - dagster - [34mINFO[0m - __ASSET_JOB - f58a8571-1505-446e-96b3-286d84cf0375 - sermon_ingestion_summary - 📅 Scrapping year 2022...
[32m2026-04-28 01:02:42 +0800[0m - dagster - [34mINFO[0m - __ASSET_JOB - f58a8571-1505-446e-96b3-286d84cf0375 - sermon_ingestion_summary - 📅 Scrapping year 2023...
[32m2026-04-28 01:03:01 +0800[0m - dagster - [34mINFO[0m - __ASSET_JOB - f58a8571-1505-446e-96b3-286d84cf0375 - sermon_ingestion_summary - 📅 Scrapping year 2024...
[32m2026-04-28 01:03:20 +0800[0m - dagster - [34mINFO[0m - __ASSET_JOB - f58a8571-1505-446e-96b3-286d84cf0375 - sermon_ingestion_summary - 📅 Scrapping year 2025...
[32m2026-04-28 01:03:41 +0800[0m - dagster - [34mINFO[0m - __ASSET_JOB - f58a8571-1505-446e-96b3-286d84cf0375 - sermon_ingestion_summary - 📅 Scrapping year 2026...
[32m2026-04-28 01:03:47 +0800[0m - dagster - [34mINFO[0m - __ASSET_JOB - f58a8571-1505-446e-96b3-286d84cf0375 - sermon_ingestion_summary - 📋 380 sermon files pending indexing.
[32m2026-04-28 01:03:47 +0800[0m - dagster - [34mINFO[0m - __ASSET_JOB - f58a8571-1505-446e-96b3-286d84cf0375 - sermon_ingestion_summary - 📦 316 sermon groups formed.
[32m2026-04-28 01:03:47 +0800[0m - dagster - [34mWARNING[0m - __ASSET_JOB - f58a8571-1505-446e-96b3-286d84cf0375 - sermon_ingestion_summary - ⚠️ Text file not found: English_2015_Victory-is-not-the-End-10-Oct-2015.txt
[32m2026-04-28 01:03:47 +0800[0m - dagster - [34mWARNING[0m - __ASSET_JOB - f58a8571-1505-446e-96b3-286d84cf0375 - sermon_ingestion_summary - ⚠️ Text file not found: English_2015_Victory-is-not-the-end_Ps-Jason-Teo.txt
[32m2026-04-28 01:03:47 +0800[0m - dagster - [34mWARNING[0m - __ASSET_JOB - f58a8571-1505-446e-96b3-286d84cf0375 - sermon_ingestion_summary - ⚠️ Text file not found: English_2015_I_Am_An_Eagle_I_Can_Fly_PsHakanGabrielsson_2015-02-21_22_MessageSummary.txt
[32m2026-04-28 01:03:47 +0800[0m - dagster - [34mWARNING[0m - __ASSET_JOB - f58a8571-1505-446e-96b3-286d84cf0375 - sermon_ingestion_summary - ⚠️ Text file not found: English_2015_OurPreciousChildren_DrDanBrewster_2015-05-23_24.txt
[32m2026-04-28 01:03:47 +0800[0m - dagster - [34mWARNING[0m - __ASSET_JOB - f58a8571-1505-446e-96b3-286d84cf0375 - sermon_ingestion_summary - ⚠️ Text file not found: English_2015_The_Fear_Factor_JG_2015-04-04_05-1.txt
[32m2026-04-28 01:03:47 +0800[0m - dagster - [34mINFO[0m - __ASSET_JOB - f58a8571-1505-446e-96b3-286d84cf0375 - sermon_ingestion_summary - 📄 Standalone: English_2015_12th-13th-Sept-Church-Your-Spiritual-Family-by-Ps-Joey-Bonafacio.pdf
[32m2026-04-28 01:03:48 +0800[0m - dagster - [34mERROR[0m - [31m__ASSET_JOB - f58a8571-1505-446e-96b3-286d84cf0375 - 2894 - sermon_ingestion_summary - STEP_FAILURE - Execution of step "sermon_ingestion_summary" failed.

dagster._core.errors.DagsterExecutionStepExecutionError: Error occurred while executing op "sermon_ingestion_summary"::

chromadb.errors.InvalidArgumentError: Collection expecting embedding with dimension of 768, got 384

Stack Trace:
  File "/Users/simgsr/Documents/simgsr-ntu/capstone/structure_db_rag/.venv/lib/python3.14/site-packages/dagster/_core/execution/plan/utils.py", line 57, in op_execution_error_boundary
    yield
  File "/Users/simgsr/Documents/simgsr-ntu/capstone/structure_db_rag/.venv/lib/python3.14/site-packages/dagster/_utils/__init__.py", line 394, in iterate_with_context
    next_output = next(iterator)
  File "/Users/simgsr/Documents/simgsr-ntu/capstone/structure_db_rag/.venv/lib/python3.14/site-packages/dagster/_core/execution/plan/compute_generator.py", line 135, in _coerce_op_compute_fn_to_iterator
    result = invoke_compute_fn(
        fn, context, kwargs, context_arg_provided, config_arg_class, resource_arg_mapping
    )
  File "/Users/simgsr/Documents/simgsr-ntu/capstone/structure_db_rag/.venv/lib/python3.14/site-packages/dagster/_core/execution/plan/compute_generator.py", line 115, in invoke_compute_fn
    return fn(context, **args_to_pass) if context_arg_provided else fn(**args_to_pass)
           ~~^^^^^^^^^^^^^^^^^^^^^^^^^
  File "/Users/simgsr/Documents/simgsr-ntu/capstone/structure_db_rag/dagster_pipeline.py", line 207, in sermon_ingestion_summary
    _vectorise(sermon_id, slide_text, update_record)
    ~~~~~~~~~~^^^^^^^^^^^^^^^^^^^^^^^^^^^^^^^^^^^^^^
  File "/Users/simgsr/Documents/simgsr-ntu/capstone/structure_db_rag/dagster_pipeline.py", line 115, in _vectorise
    vector_store.upsert_sermon_chunks(chunks, [meta] * len(chunks), ids)
    ~~~~~~~~~~~~~~~~~~~~~~~~~~~~~~~~~^^^^^^^^^^^^^^^^^^^^^^^^^^^^^^^^^^^
  File "/Users/simgsr/Documents/simgsr-ntu/capstone/structure_db_rag/src/storage/chroma_store.py", line 55, in upsert_sermon_chunks
    self._upsert_in_batches(self._sermons, chunks, metadatas, ids)
    ~~~~~~~~~~~~~~~~~~~~~~~^^^^^^^^^^^^^^^^^^^^^^^^^^^^^^^^^^^^^^^
  File "/Users/simgsr/Documents/simgsr-ntu/capstone/structure_db_rag/src/storage/chroma_store.py", line 52, in _upsert_in_batches
    collection.upsert(**kwargs)
    ~~~~~~~~~~~~~~~~~^^^^^^^^^^
  File "/Users/simgsr/Documents/simgsr-ntu/capstone/structure_db_rag/.venv/lib/python3.14/site-packages/chromadb/api/models/Collection.py", line 530, in upsert
    self._client._upsert(
    ~~~~~~~~~~~~~~~~~~~~^
        collection_id=self.id,
        ^^^^^^^^^^^^^^^^^^^^^^
    ...<6 lines>...
        database=self.database,
        ^^^^^^^^^^^^^^^^^^^^^^^
    )
    ^
  File "/Users/simgsr/Documents/simgsr-ntu/capstone/structure_db_rag/.venv/lib/python3.14/site-packages/chromadb/api/rust.py", line 541, in _upsert
    return self.bindings.upsert(
           ~~~~~~~~~~~~~~~~~~~~^
        str(collection_id),
        ^^^^^^^^^^^^^^^^^^^
    ...<6 lines>...
        database,
        ^^^^^^^^^
    )
    ^
[0m
