[32m2026-04-28 00:54:28 +0800[0m - dagster - [34mDEBUG[0m - __ASSET_JOB - 473e34e3-358d-4c7d-bdff-b20ab365bdf1 - 20748 - LOGS_CAPTURED - Started capturing logs in process (pid: 20748).
[32m2026-04-28 00:54:28 +0800[0m - dagster - [34mDEBUG[0m - __ASSET_JOB - 473e34e3-358d-4c7d-bdff-b20ab365bdf1 - 20748 - sermon_ingestion_summary - STEP_START - Started execution of step "sermon_ingestion_summary".
[32m2026-04-28 00:54:28 +0800[0m - dagster - [34mINFO[0m - __ASSET_JOB - 473e34e3-358d-4c7d-bdff-b20ab365bdf1 - sermon_ingestion_summary - 🚀 Starting ingestion for years: [2015, 2016, 2017, 2018, 2019, 2020, 2021, 2022, 2023, 2024, 2025, 2026]
[32m2026-04-28 00:54:28 +0800[0m - dagster - [34mINFO[0m - __ASSET_JOB - 473e34e3-358d-4c7d-bdff-b20ab365bdf1 - sermon_ingestion_summary - 📅 Scrapping year 2015...
[32m2026-04-28 00:54:48 +0800[0m - dagster - [34mINFO[0m - __ASSET_JOB - 473e34e3-358d-4c7d-bdff-b20ab365bdf1 - sermon_ingestion_summary - 📅 Scrapping year 2016...
[32m2026-04-28 00:55:08 +0800[0m - dagster - [34mINFO[0m - __ASSET_JOB - 473e34e3-358d-4c7d-bdff-b20ab365bdf1 - sermon_ingestion_summary - 📅 Scrapping year 2017...
[32m2026-04-28 00:55:13 +0800[0m - dagster - [34mERROR[0m - [31m__ASSET_JOB - 473e34e3-358d-4c7d-bdff-b20ab365bdf1 - 20748 - sermon_ingestion_summary - STEP_FAILURE - Execution of step "sermon_ingestion_summary" failed.

dagster._core.errors.DagsterExecutionInterruptedError

Stack Trace:
  File "/Users/simgsr/Documents/simgsr-ntu/capstone/structure_db_rag/.venv/lib/python3.14/site-packages/dagster/_core/execution/plan/execute_plan.py", line 247, in dagster_event_sequence_for_step
    yield from check.generator(step_events)
  File "/Users/simgsr/Documents/simgsr-ntu/capstone/structure_db_rag/.venv/lib/python3.14/site-packages/dagster/_core/execution/plan/execute_step.py", line 505, in core_dagster_event_sequence_for_step
    for user_event in _step_output_error_checked_user_event_sequence(
                      ~~~~~~~~~~~~~~~~~~~~~~~~~~~~~~~~~~~~~~~~~~~~~~^
        step_context,
        ^^^^^^^^^^^^^
        _process_asset_results_to_events(step_context, user_event_sequence),
        ^^^^^^^^^^^^^^^^^^^^^^^^^^^^^^^^^^^^^^^^^^^^^^^^^^^^^^^^^^^^^^^^^^^^
    ):
    ^
  File "/Users/simgsr/Documents/simgsr-ntu/capstone/structure_db_rag/.venv/lib/python3.14/site-packages/dagster/_core/execution/plan/execute_step.py", line 184, in _step_output_error_checked_user_event_sequence
    for user_event in user_event_sequence:
                      ^^^^^^^^^^^^^^^^^^^
  File "/Users/simgsr/Documents/simgsr-ntu/capstone/structure_db_rag/.venv/lib/python3.14/site-packages/dagster/_core/execution/plan/execute_step.py", line 88, in _process_asset_results_to_events
    for user_event in user_event_sequence:
                      ^^^^^^^^^^^^^^^^^^^
  File "/Users/simgsr/Documents/simgsr-ntu/capstone/structure_db_rag/.venv/lib/python3.14/site-packages/dagster/_core/execution/plan/compute.py", line 188, in execute_core_compute
    for step_output in _yield_compute_results(step_context, inputs, compute_fn, compute_context):
                       ~~~~~~~~~~~~~~~~~~~~~~^^^^^^^^^^^^^^^^^^^^^^^^^^^^^^^^^^^^^^^^^^^^^^^^^^^
  File "/Users/simgsr/Documents/simgsr-ntu/capstone/structure_db_rag/.venv/lib/python3.14/site-packages/dagster/_core/execution/plan/compute.py", line 157, in _yield_compute_results
    for event in iterate_with_context(
                 ~~~~~~~~~~~~~~~~~~~~^
        lambda: op_execution_error_boundary(
        ^^^^^^^^^^^^^^^^^^^^^^^^^^^^^^^^^^^^
    ...<7 lines>...
        user_event_generator,
        ^^^^^^^^^^^^^^^^^^^^^
    ):
    ^
  File "/Users/simgsr/Documents/simgsr-ntu/capstone/structure_db_rag/.venv/lib/python3.14/site-packages/dagster/_utils/__init__.py", line 394, in iterate_with_context
    next_output = next(iterator)
  File "/Users/simgsr/Documents/simgsr-ntu/capstone/structure_db_rag/.venv/lib/python3.14/site-packages/dagster/_core/execution/plan/compute_generator.py", line 135, in _coerce_op_compute_fn_to_iterator
    result = invoke_compute_fn(
        fn, context, kwargs, context_arg_provided, config_arg_class, resource_arg_mapping
    )
  File "/Users/simgsr/Documents/simgsr-ntu/capstone/structure_db_rag/.venv/lib/python3.14/site-packages/dagster/_core/execution/plan/compute_generator.py", line 115, in invoke_compute_fn
    return fn(context, **args_to_pass) if context_arg_provided else fn(**args_to_pass)
           ~~^^^^^^^^^^^^^^^^^^^^^^^^^
  File "/Users/simgsr/Documents/simgsr-ntu/capstone/structure_db_rag/dagster_pipeline.py", line 81, in sermon_ingestion_summary
    scraper.scrape_year(year)
    ~~~~~~~~~~~~~~~~~~~^^^^^^
  File "/Users/simgsr/Documents/simgsr-ntu/capstone/structure_db_rag/src/scraper/bbtc_scraper.py", line 191, in scrape_year
    file_links = self._extract_file_links_from_page(sermon_url)
  File "/Users/simgsr/Documents/simgsr-ntu/capstone/structure_db_rag/src/scraper/bbtc_scraper.py", line 42, in _extract_file_links_from_page
    response = self._scraper.get(page_url, headers=_HEADERS, timeout=15)
  File "/Users/simgsr/Documents/simgsr-ntu/capstone/structure_db_rag/.venv/lib/python3.14/site-packages/requests/sessions.py", line 605, in get
    return self.request("GET", url, **kwargs)
           ~~~~~~~~~~~~^^^^^^^^^^^^^^^^^^^^^^
  File "/Users/simgsr/Documents/simgsr-ntu/capstone/structure_db_rag/.venv/lib/python3.14/site-packages/cloudscraper/__init__.py", line 259, in request
    self.perform_request(method, url, *args, **kwargs)
    ~~~~~~~~~~~~~~~~~~~~^^^^^^^^^^^^^^^^^^^^^^^^^^^^^^
  File "/Users/simgsr/Documents/simgsr-ntu/capstone/structure_db_rag/.venv/lib/python3.14/site-packages/cloudscraper/__init__.py", line 192, in perform_request
    return super(CloudScraper, self).request(method, url, *args, **kwargs)
           ~~~~~~~~~~~~~~~~~~~~~~~~~~~~~~~~~^^^^^^^^^^^^^^^^^^^^^^^^^^^^^^
  File "/Users/simgsr/Documents/simgsr-ntu/capstone/structure_db_rag/.venv/lib/python3.14/site-packages/requests/sessions.py", line 592, in request
    resp = self.send(prep, **send_kwargs)
  File "/Users/simgsr/Documents/simgsr-ntu/capstone/structure_db_rag/.venv/lib/python3.14/site-packages/requests/sessions.py", line 706, in send
    r = adapter.send(request, **kwargs)
  File "/Users/simgsr/Documents/simgsr-ntu/capstone/structure_db_rag/.venv/lib/python3.14/site-packages/requests/adapters.py", line 645, in send
    resp = conn.urlopen(
        method=request.method,
    ...<9 lines>...
        chunked=chunked,
    )
  File "/Users/simgsr/Documents/simgsr-ntu/capstone/structure_db_rag/.venv/lib/python3.14/site-packages/urllib3/connectionpool.py", line 787, in urlopen
    response = self._make_request(
        conn,
    ...<10 lines>...
        **response_kw,
    )
  File "/Users/simgsr/Documents/simgsr-ntu/capstone/structure_db_rag/.venv/lib/python3.14/site-packages/urllib3/connectionpool.py", line 534, in _make_request
    response = conn.getresponse()
  File "/Users/simgsr/Documents/simgsr-ntu/capstone/structure_db_rag/.venv/lib/python3.14/site-packages/urllib3/connection.py", line 571, in getresponse
    httplib_response = super().getresponse()
  File "/opt/homebrew/Cellar/python@3.14/3.14.4/Frameworks/Python.framework/Versions/3.14/lib/python3.14/http/client.py", line 1450, in getresponse
    response.begin()
    ~~~~~~~~~~~~~~^^
  File "/opt/homebrew/Cellar/python@3.14/3.14.4/Frameworks/Python.framework/Versions/3.14/lib/python3.14/http/client.py", line 336, in begin
    version, status, reason = self._read_status()
                              ~~~~~~~~~~~~~~~~~^^
  File "/opt/homebrew/Cellar/python@3.14/3.14.4/Frameworks/Python.framework/Versions/3.14/lib/python3.14/http/client.py", line 297, in _read_status
    line = str(self.fp.readline(_MAXLINE + 1), "iso-8859-1")
               ~~~~~~~~~~~~~~~~^^^^^^^^^^^^^^
  File "/opt/homebrew/Cellar/python@3.14/3.14.4/Frameworks/Python.framework/Versions/3.14/lib/python3.14/socket.py", line 725, in readinto
    return self._sock.recv_into(b)
           ~~~~~~~~~~~~~~~~~~~~^^^
  File "/opt/homebrew/Cellar/python@3.14/3.14.4/Frameworks/Python.framework/Versions/3.14/lib/python3.14/ssl.py", line 1304, in recv_into
    return self.read(nbytes, buffer)
           ~~~~~~~~~^^^^^^^^^^^^^^^^
  File "/opt/homebrew/Cellar/python@3.14/3.14.4/Frameworks/Python.framework/Versions/3.14/lib/python3.14/ssl.py", line 1138, in read
    return self._sslobj.read(len, buffer)
           ~~~~~~~~~~~~~~~~~^^^^^^^^^^^^^
  File "/Users/simgsr/Documents/simgsr-ntu/capstone/structure_db_rag/.venv/lib/python3.14/site-packages/dagster/_utils/interrupts.py", line 81, in _new_signal_handler
    raise error_cls()
[0m
